<?xml version="1.0" encoding="UTF-8"?>
<!-- Generated by org.testng.reporters.JUnitReportReporter -->
<testsuite skipped="0" hostname="LFR024297" name="com.executionEngine.DriverScriptTest" tests="2" failures="0" timestamp="26 juil. 2018 07:16:05 GMT" time="49.763" errors="0">
  <testcase name="Initialize" time="39.707" classname="com.executionEngine.DriverScriptTest"/>
  <testcase name="execute_Actions" time="10.056" classname="com.executionEngine.DriverScriptTest"/>
</testsuite> <!-- com.executionEngine.DriverScriptTest -->
